<?xml version="1.0" encoding="UTF-8" ?>
<testsuite tests="5" failures="0" name="no.nav.foreldrepenger.autotest.dokumentgenerator.InntektsmeldingBuilderTest" time="0.115" errors="0" skipped="0">
  <properties>
[...]
</properties>
  <testcase classname="no.nav.foreldrepenger.autotest.dokumentgenerator.InntektsmeldingBuilderTest" name="IMtest" time="0.005"/>
  <testcase classname="no.nav.foreldrepenger.autotest.dokumentgenerator.InntektsmeldingBuilderTest" name="arbeidsgiverErPrivatTestr" time="0.04"/>
  <testcase classname="no.nav.foreldrepenger.autotest.dokumentgenerator.InntektsmeldingBuilderTest" name="inntektsmeldingPleiepengerTest" time="0.023"/>
  <testcase classname="no.nav.foreldrepenger.autotest.dokumentgenerator.InntektsmeldingBuilderTest" name="inntektsmeldingGeneratorTest" time="0.018"/>
  <testcase classname="no.nav.foreldrepenger.autotest.dokumentgenerator.InntektsmeldingBuilderTest" name="inntektsmeldingOmsorgspengerTest" time="0.029"/>
</testsuite>